# JRE version: Java(TM) SE Runtime Environment (8.0_171-b11) (build 1.8.0_171-b11)
# Java VM: Java HotSpot(TM) 64-Bit Server VM (25.171-b11 mixed mode windows-amd64 compressed oops)
Heap:
 PSYoungGen      total 143360K, used 109861K [0x0000000780580000, 0x000000078b780000, 0x00000007c0000000)
  eden space 122368K, 89% used [0x0000000780580000,0x00000007870c9468,0x0000000787d00000)
  from space 20992K, 0% used [0x0000000787d00000,0x0000000787d00000,0x0000000789180000)
  to   space 20480K, 0% used [0x000000078a380000,0x000000078a380000,0x000000078b780000)
 ParOldGen       total 227840K, used 43740K [0x0000000701000000, 0x000000070ee80000, 0x0000000780580000)
  object space 227840K, 19% used [0x0000000701000000,0x0000000703ab7240,0x000000070ee80000)
 Metaspace       used 63811K, capacity 66755K, committed 66944K, reserved 1105920K
  class space    used 9791K, capacity 10600K, committed 10624K, reserved 1048576K
GC Heap History (10 events):
Event: 12.800 GC heap before
{Heap before GC invocations=13 (full 2):
 PSYoungGen      total 121856K, used 120385K [0x0000000780580000, 0x0000000789a80000, 0x00000007c0000000)
  eden space 109056K, 98% used [0x0000000780580000,0x0000000786e90638,0x0000000787000000)
  from space 12800K, 99% used [0x0000000788e00000,0x0000000789a7ff58,0x0000000789a80000)
  to   space 15872K, 0% used [0x0000000787b80000,0x0000000787b80000,0x0000000788b00000)
 ParOldGen       total 141824K, used 27012K [0x0000000701000000, 0x0000000709a80000, 0x0000000780580000)
  object space 141824K, 19% used [0x0000000701000000,0x0000000702a612d8,0x0000000709a80000)
 Metaspace       used 49097K, capacity 51549K, committed 51712K, reserved 1091584K
  class space    used 7856K, capacity 8607K, committed 8704K, reserved 1048576K
Event: 12.812 GC heap after
Heap after GC invocations=13 (full 2):
 PSYoungGen      total 136704K, used 3382K [0x0000000780580000, 0x000000078a180000, 0x00000007c0000000)
  eden space 120832K, 0% used [0x0000000780580000,0x0000000780580000,0x0000000787b80000)
  from space 15872K, 21% used [0x0000000787b80000,0x0000000787ecd9c0,0x0000000788b00000)
  to   space 16384K, 0% used [0x0000000789180000,0x0000000789180000,0x000000078a180000)
 ParOldGen       total 141824K, used 38931K [0x0000000701000000, 0x0000000709a80000, 0x0000000780580000)
  object space 141824K, 27% used [0x0000000701000000,0x0000000703604ea8,0x0000000709a80000)
 Metaspace       used 49097K, capacity 51549K, committed 51712K, reserved 1091584K
  class space    used 7856K, capacity 8607K, committed 8704K, reserved 1048576K
}
Event: 25.783 GC heap before
{Heap before GC invocations=14 (full 2):
 PSYoungGen      total 136704K, used 84691K [0x0000000780580000, 0x000000078a180000, 0x00000007c0000000)
  eden space 120832K, 67% used [0x0000000780580000,0x00000007854e73e0,0x0000000787b80000)
  from space 15872K, 21% used [0x0000000787b80000,0x0000000787ecd9c0,0x0000000788b00000)
  to   space 16384K, 0% used [0x0000000789180000,0x0000000789180000,0x000000078a180000)
 ParOldGen       total 141824K, used 38931K [0x0000000701000000, 0x0000000709a80000, 0x0000000780580000)
  object space 141824K, 27% used [0x0000000701000000,0x0000000703604ea8,0x0000000709a80000)
 Metaspace       used 56136K, capacity 58905K, committed 59028K, reserved 1097728K
  class space    used 9050K, capacity 9923K, committed 9984K, reserved 1048576K
Event: 25.792 GC heap after
Heap after GC invocations=14 (full 2):
 PSYoungGen      total 138752K, used 16383K [0x0000000780580000, 0x000000078b400000, 0x00000007c0000000)
  eden space 122368K, 0% used [0x0000000780580000,0x0000000780580000,0x0000000787d00000)
  from space 16384K, 99% used [0x0000000789180000,0x000000078a17ff90,0x000000078a180000)
  to   space 20992K, 0% used [0x0000000787d00000,0x0000000787d00000,0x0000000789180000)
 ParOldGen       total 141824K, used 45377K [0x0000000701000000, 0x0000000709a80000, 0x0000000780580000)
  object space 141824K, 31% used [0x0000000701000000,0x0000000703c50530,0x0000000709a80000)
 Metaspace       used 56136K, capacity 58905K, committed 59028K, reserved 1097728K
  class space    used 9050K, capacity 9923K, committed 9984K, reserved 1048576K
}
Event: 25.792 GC heap before
{Heap before GC invocations=15 (full 3):
 PSYoungGen      total 138752K, used 16383K [0x0000000780580000, 0x000000078b400000, 0x00000007c0000000)
  eden space 122368K, 0% used [0x0000000780580000,0x0000000780580000,0x0000000787d00000)
  from space 16384K, 99% used [0x0000000789180000,0x000000078a17ff90,0x000000078a180000)
  to   space 20992K, 0% used [0x0000000787d00000,0x0000000787d00000,0x0000000789180000)
 ParOldGen       total 141824K, used 45377K [0x0000000701000000, 0x0000000709a80000, 0x0000000780580000)
  object space 141824K, 31% used [0x0000000701000000,0x0000000703c50530,0x0000000709a80000)
 Metaspace       used 56136K, capacity 58905K, committed 59028K, reserved 1097728K
  class space    used 9050K, capacity 9923K, committed 9984K, reserved 1048576K
Event: 26.020 GC heap after
Heap after GC invocations=15 (full 3):
 PSYoungGen      total 138752K, used 0K [0x0000000780580000, 0x000000078b400000, 0x00000007c0000000)
  eden space 122368K, 0% used [0x0000000780580000,0x0000000780580000,0x0000000787d00000)
  from space 16384K, 0% used [0x0000000789180000,0x0000000789180000,0x000000078a180000)
  to   space 20992K, 0% used [0x0000000787d00000,0x0000000787d00000,0x0000000789180000)
 ParOldGen       total 227840K, used 50932K [0x0000000701000000, 0x000000070ee80000, 0x0000000780580000)
  object space 227840K, 22% used [0x0000000701000000,0x00000007041bd2f0,0x000000070ee80000)
 Metaspace       used 56097K, capacity 58843K, committed 59028K, reserved 1097728K
  class space    used 9045K, capacity 9905K, committed 9984K, reserved 1048576K
}
Event: 35.076 GC heap before
{Heap before GC invocations=16 (full 3):
 PSYoungGen      total 138752K, used 108079K [0x0000000780580000, 0x000000078b400000, 0x00000007c0000000)
  eden space 122368K, 88% used [0x0000000780580000,0x0000000786f0bfa0,0x0000000787d00000)
  from space 16384K, 0% used [0x0000000789180000,0x0000000789180000,0x000000078a180000)
  to   space 20992K, 0% used [0x0000000787d00000,0x0000000787d00000,0x0000000789180000)
 ParOldGen       total 227840K, used 50932K [0x0000000701000000, 0x000000070ee80000, 0x0000000780580000)
  object space 227840K, 22% used [0x0000000701000000,0x00000007041bd2f0,0x000000070ee80000)
 Metaspace       used 62110K, capacity 64909K, committed 65280K, reserved 1103872K
  class space    used 9624K, capacity 10372K, committed 10496K, reserved 1048576K
Event: 35.085 GC heap after
Heap after GC invocations=16 (full 3):
 PSYoungGen      total 143360K, used 7091K [0x0000000780580000, 0x000000078b780000, 0x00000007c0000000)
  eden space 122368K, 0% used [0x0000000780580000,0x0000000780580000,0x0000000787d00000)
  from space 20992K, 33% used [0x0000000787d00000,0x00000007883ecfc8,0x0000000789180000)
  to   space 20480K, 0% used [0x000000078a380000,0x000000078a380000,0x000000078b780000)
 ParOldGen       total 227840K, used 50940K [0x0000000701000000, 0x000000070ee80000, 0x0000000780580000)
  object space 227840K, 22% used [0x0000000701000000,0x00000007041bf2f0,0x000000070ee80000)
 Metaspace       used 62110K, capacity 64909K, committed 65280K, reserved 1103872K
  class space    used 9624K, capacity 10372K, committed 10496K, reserved 1048576K
}
Event: 35.085 GC heap before
{Heap before GC invocations=17 (full 4):
 PSYoungGen      total 143360K, used 7091K [0x0000000780580000, 0x000000078b780000, 0x00000007c0000000)
  eden space 122368K, 0% used [0x0000000780580000,0x0000000780580000,0x0000000787d00000)
  from space 20992K, 33% used [0x0000000787d00000,0x00000007883ecfc8,0x0000000789180000)
  to   space 20480K, 0% used [0x000000078a380000,0x000000078a380000,0x000000078b780000)
 ParOldGen       total 227840K, used 50940K [0x0000000701000000, 0x000000070ee80000, 0x0000000780580000)
  object space 227840K, 22% used [0x0000000701000000,0x00000007041bf2f0,0x000000070ee80000)
 Metaspace       used 62110K, capacity 64909K, committed 65280K, reserved 1103872K
  class space    used 9624K, capacity 10372K, committed 10496K, reserved 1048576K
Event: 35.266 GC heap after
Heap after GC invocations=17 (full 4):
 PSYoungGen      total 143360K, used 0K [0x0000000780580000, 0x000000078b780000, 0x00000007c0000000)
  eden space 122368K, 0% used [0x0000000780580000,0x0000000780580000,0x0000000787d00000)
  from space 20992K, 0% used [0x0000000787d00000,0x0000000787d00000,0x0000000789180000)
  to   space 20480K, 0% used [0x000000078a380000,0x000000078a380000,0x000000078b780000)
 ParOldGen       total 227840K, used 43740K [0x0000000701000000, 0x000000070ee80000, 0x0000000780580000)
  object space 227840K, 19% used [0x0000000701000000,0x0000000703ab7240,0x000000070ee80000)
 Metaspace       used 62110K, capacity 64909K, committed 65280K, reserved 1103872K
  class space    used 9624K, capacity 10372K, committed 10496K, reserved 1048576K
}

