# JRE version: Java(TM) SE Runtime Environment (8.0_171-b11) (build 1.8.0_171-b11)
# Java VM: Java HotSpot(TM) 64-Bit Server VM (25.171-b11 mixed mode windows-amd64 compressed oops)
Heap:
 PSYoungGen      total 143360K, used 122914K [0x0000000780580000, 0x000000078b400000, 0x00000007c0000000)
  eden space 126976K, 96% used [0x0000000780580000,0x0000000787d88978,0x0000000788180000)
  from space 16384K, 0% used [0x0000000789300000,0x0000000789300000,0x000000078a300000)
  to   space 17920K, 0% used [0x0000000788180000,0x0000000788180000,0x0000000789300000)
 ParOldGen       total 226304K, used 49789K [0x0000000701000000, 0x000000070ed00000, 0x0000000780580000)
  object space 226304K, 22% used [0x0000000701000000,0x000000070409f4f0,0x000000070ed00000)
 Metaspace       used 62660K, capacity 65451K, committed 65664K, reserved 1103872K
  class space    used 9677K, capacity 10497K, committed 10624K, reserved 1048576K
GC Heap History (10 events):
Event: 9.624 GC heap before
{Heap before GC invocations=11 (full 2):
 PSYoungGen      total 109056K, used 9356K [0x0000000780580000, 0x000000078a080000, 0x00000007c0000000)
  eden space 95744K, 0% used [0x0000000780580000,0x0000000780580000,0x0000000786300000)
  from space 13312K, 70% used [0x0000000786300000,0x0000000786c23380,0x0000000787000000)
  to   space 13312K, 0% used [0x0000000789380000,0x0000000789380000,0x000000078a080000)
 ParOldGen       total 87040K, used 15769K [0x0000000701000000, 0x0000000706500000, 0x0000000780580000)
  object space 87040K, 18% used [0x0000000701000000,0x0000000701f666e0,0x0000000706500000)
 Metaspace       used 33312K, capacity 35245K, committed 35416K, reserved 1079296K
  class space    used 4168K, capacity 4815K, committed 4864K, reserved 1048576K
Event: 9.722 GC heap after
Heap after GC invocations=11 (full 2):
 PSYoungGen      total 109056K, used 0K [0x0000000780580000, 0x000000078a080000, 0x00000007c0000000)
  eden space 95744K, 0% used [0x0000000780580000,0x0000000780580000,0x0000000786300000)
  from space 13312K, 0% used [0x0000000786300000,0x0000000786300000,0x0000000787000000)
  to   space 13312K, 0% used [0x0000000789380000,0x0000000789380000,0x000000078a080000)
 ParOldGen       total 141824K, used 22194K [0x0000000701000000, 0x0000000709a80000, 0x0000000780580000)
  object space 141824K, 15% used [0x0000000701000000,0x00000007025acab8,0x0000000709a80000)
 Metaspace       used 33312K, capacity 35245K, committed 35416K, reserved 1079296K
  class space    used 4168K, capacity 4815K, committed 4864K, reserved 1048576K
}
Event: 11.009 GC heap before
{Heap before GC invocations=12 (full 2):
 PSYoungGen      total 109056K, used 95744K [0x0000000780580000, 0x000000078a080000, 0x00000007c0000000)
  eden space 95744K, 100% used [0x0000000780580000,0x0000000786300000,0x0000000786300000)
  from space 13312K, 0% used [0x0000000786300000,0x0000000786300000,0x0000000787000000)
  to   space 13312K, 0% used [0x0000000789380000,0x0000000789380000,0x000000078a080000)
 ParOldGen       total 141824K, used 22194K [0x0000000701000000, 0x0000000709a80000, 0x0000000780580000)
  object space 141824K, 15% used [0x0000000701000000,0x00000007025acab8,0x0000000709a80000)
 Metaspace       used 43606K, capacity 45743K, committed 45952K, reserved 1087488K
  class space    used 6889K, capacity 7552K, committed 7552K, reserved 1048576K
Event: 11.021 GC heap after
Heap after GC invocations=12 (full 2):
 PSYoungGen      total 124416K, used 13294K [0x0000000780580000, 0x000000078a080000, 0x00000007c0000000)
  eden space 111104K, 0% used [0x0000000780580000,0x0000000780580000,0x0000000787200000)
  from space 13312K, 99% used [0x0000000789380000,0x000000078a07b9e8,0x000000078a080000)
  to   space 15872K, 0% used [0x0000000788180000,0x0000000788180000,0x0000000789100000)
 ParOldGen       total 141824K, used 25643K [0x0000000701000000, 0x0000000709a80000, 0x0000000780580000)
  object space 141824K, 18% used [0x0000000701000000,0x000000070290ae50,0x0000000709a80000)
 Metaspace       used 43606K, capacity 45743K, committed 45952K, reserved 1087488K
  class space    used 6889K, capacity 7552K, committed 7552K, reserved 1048576K
}
Event: 12.013 GC heap before
{Heap before GC invocations=13 (full 2):
 PSYoungGen      total 124416K, used 124398K [0x0000000780580000, 0x000000078a080000, 0x00000007c0000000)
  eden space 111104K, 100% used [0x0000000780580000,0x0000000787200000,0x0000000787200000)
  from space 13312K, 99% used [0x0000000789380000,0x000000078a07b9e8,0x000000078a080000)
  to   space 15872K, 0% used [0x0000000788180000,0x0000000788180000,0x0000000789100000)
 ParOldGen       total 141824K, used 25643K [0x0000000701000000, 0x0000000709a80000, 0x0000000780580000)
  object space 141824K, 18% used [0x0000000701000000,0x000000070290ae50,0x0000000709a80000)
 Metaspace       used 48516K, capacity 50969K, committed 51072K, reserved 1091584K
  class space    used 7776K, capacity 8534K, committed 8576K, reserved 1048576K
Event: 12.024 GC heap after
Heap after GC invocations=13 (full 2):
 PSYoungGen      total 142848K, used 3636K [0x0000000780580000, 0x000000078a300000, 0x00000007c0000000)
  eden space 126976K, 0% used [0x0000000780580000,0x0000000780580000,0x0000000788180000)
  from space 15872K, 22% used [0x0000000788180000,0x000000078850d1c0,0x0000000789100000)
  to   space 16384K, 0% used [0x0000000789300000,0x0000000789300000,0x000000078a300000)
 ParOldGen       total 141824K, used 39096K [0x0000000701000000, 0x0000000709a80000, 0x0000000780580000)
  object space 141824K, 27% used [0x0000000701000000,0x000000070362e0b0,0x0000000709a80000)
 Metaspace       used 48516K, capacity 50969K, committed 51072K, reserved 1091584K
  class space    used 7776K, capacity 8534K, committed 8576K, reserved 1048576K
}
Event: 22.876 GC heap before
{Heap before GC invocations=14 (full 2):
 PSYoungGen      total 142848K, used 78215K [0x0000000780580000, 0x000000078a300000, 0x00000007c0000000)
  eden space 126976K, 58% used [0x0000000780580000,0x0000000784e54b28,0x0000000788180000)
  from space 15872K, 22% used [0x0000000788180000,0x000000078850d1c0,0x0000000789100000)
  to   space 16384K, 0% used [0x0000000789300000,0x0000000789300000,0x000000078a300000)
 ParOldGen       total 141824K, used 39096K [0x0000000701000000, 0x0000000709a80000, 0x0000000780580000)
  object space 141824K, 27% used [0x0000000701000000,0x000000070362e0b0,0x0000000709a80000)
 Metaspace       used 56127K, capacity 58909K, committed 59008K, reserved 1097728K
  class space    used 9002K, capacity 9843K, committed 9856K, reserved 1048576K
Event: 22.885 GC heap after
Heap after GC invocations=14 (full 2):
 PSYoungGen      total 143360K, used 14561K [0x0000000780580000, 0x000000078b400000, 0x00000007c0000000)
  eden space 126976K, 0% used [0x0000000780580000,0x0000000780580000,0x0000000788180000)
  from space 16384K, 88% used [0x0000000789300000,0x000000078a1386b8,0x000000078a300000)
  to   space 17920K, 0% used [0x0000000788180000,0x0000000788180000,0x0000000789300000)
 ParOldGen       total 141824K, used 39104K [0x0000000701000000, 0x0000000709a80000, 0x0000000780580000)
  object space 141824K, 27% used [0x0000000701000000,0x00000007036300b0,0x0000000709a80000)
 Metaspace       used 56127K, capacity 58909K, committed 59008K, reserved 1097728K
  class space    used 9002K, capacity 9843K, committed 9856K, reserved 1048576K
}
Event: 22.885 GC heap before
{Heap before GC invocations=15 (full 3):
 PSYoungGen      total 143360K, used 14561K [0x0000000780580000, 0x000000078b400000, 0x00000007c0000000)
  eden space 126976K, 0% used [0x0000000780580000,0x0000000780580000,0x0000000788180000)
  from space 16384K, 88% used [0x0000000789300000,0x000000078a1386b8,0x000000078a300000)
  to   space 17920K, 0% used [0x0000000788180000,0x0000000788180000,0x0000000789300000)
 ParOldGen       total 141824K, used 39104K [0x0000000701000000, 0x0000000709a80000, 0x0000000780580000)
  object space 141824K, 27% used [0x0000000701000000,0x00000007036300b0,0x0000000709a80000)
 Metaspace       used 56127K, capacity 58909K, committed 59008K, reserved 1097728K
  class space    used 9002K, capacity 9843K, committed 9856K, reserved 1048576K
Event: 23.109 GC heap after
Heap after GC invocations=15 (full 3):
 PSYoungGen      total 143360K, used 0K [0x0000000780580000, 0x000000078b400000, 0x00000007c0000000)
  eden space 126976K, 0% used [0x0000000780580000,0x0000000780580000,0x0000000788180000)
  from space 16384K, 0% used [0x0000000789300000,0x0000000789300000,0x000000078a300000)
  to   space 17920K, 0% used [0x0000000788180000,0x0000000788180000,0x0000000789300000)
 ParOldGen       total 226304K, used 49789K [0x0000000701000000, 0x000000070ed00000, 0x0000000780580000)
  object space 226304K, 22% used [0x0000000701000000,0x000000070409f4f0,0x000000070ed00000)
 Metaspace       used 56088K, capacity 58847K, committed 59008K, reserved 1097728K
  class space    used 8997K, capacity 9825K, committed 9856K, reserved 1048576K
}

